

Microchip MPLAB XC8 Assembler V2.31 build 20201012212115 
                                                                                               Tue Aug 10 18:56:47 2021

Microchip MPLAB XC8 C Compiler v2.31 (Free license) build 20201012212115 Og1 
     1                           	processor	16F887
     2                           	pagewidth 120
     3                           	opt	flic
     4                           	psect	cinit,global,class=CODE,merge=1,delta=2
     5                           	psect	cstackCOMMON,global,class=COMMON,space=1,delta=1,noexec
     6                           	psect	cstackBANK0,global,class=BANK0,space=1,delta=1,noexec
     7                           	psect	maintext,global,class=CODE,split=1,delta=2
     8                           	psect	text1,local,class=CODE,merge=1,delta=2
     9                           	psect	text2,local,class=CODE,merge=1,delta=2
    10                           	psect	text3,local,class=CODE,merge=1,delta=2,group=1
    11                           	psect	text4,local,class=CODE,merge=1,delta=2
    12                           	psect	text5,local,class=CODE,merge=1,delta=2
    13                           	psect	text6,local,class=CODE,merge=1,delta=2
    14                           	psect	text7,local,class=CODE,merge=1,delta=2
    15                           	psect	text8,local,class=CODE,merge=1,delta=2
    16                           	psect	text9,local,class=CODE,merge=1,delta=2
    17                           	psect	intentry,global,class=CODE,delta=2
    18                           	psect	config,global,abs,ovrld,class=CONFIG,space=4,delta=2,noexec
    19                           	dabs	1,0x7E,2
    20  0000                     
    21                           ; Version 2.20
    22                           ; Generated 12/02/2020 GMT
    23                           ; 
    24                           ; Copyright © 2020, Microchip Technology Inc. and its subsidiaries ("Microchip")
    25                           ; All rights reserved.
    26                           ; 
    27                           ; This software is developed by Microchip Technology Inc. and its subsidiaries ("Microch
      +                          ip").
    28                           ; 
    29                           ; Redistribution and use in source and binary forms, with or without modification, are
    30                           ; permitted provided that the following conditions are met:
    31                           ; 
    32                           ;     1. Redistributions of source code must retain the above copyright notice, this lis
      +                          t of
    33                           ;        conditions and the following disclaimer.
    34                           ; 
    35                           ;     2. Redistributions in binary form must reproduce the above copyright notice, this 
      +                          list
    36                           ;        of conditions and the following disclaimer in the documentation and/or other
    37                           ;        materials provided with the distribution.
    38                           ; 
    39                           ;     3. Microchip's name may not be used to endorse or promote products derived from th
      +                          is
    40                           ;        software without specific prior written permission.
    41                           ; 
    42                           ; THIS SOFTWARE IS PROVIDED BY MICROCHIP "AS IS" AND ANY EXPRESS OR IMPLIED WARRANTIES,
    43                           ; INCLUDING, BUT NOT LIMITED TO, THE IMPLIED WARRANTIES OF MERCHANTABILITY AND FITNESS F
      +                          OR
    44                           ; PURPOSE ARE DISCLAIMED.  IN NO EVENT SHALL MICROCHIP BE LIABLE FOR ANY DIRECT, INDIREC
      +                          T,
    45                           ; INCIDENTAL, SPECIAL, EXEMPLARY, OR CONSEQUENTIAL DAMAGES (INCLUDING BUT NOT LIMITED TO
    46                           ; PROCUREMENT OF SUBSTITUTE GOODS OR SERVICES; LOSS OF USE, DATA OR PROFITS; OR BUSINESS
    47                           ; INTERRUPTION) HOWSOEVER CAUSED AND ON ANY THEORY OF LIABILITY, WHETHER IN CONTRACT, ST
      +                          RICT
    48                           ; LIABILITY, OR TORT (INCLUDING NEGLIGENCE OR OTHERWISE) ARISING IN ANY WAY OUT OF THE U
      +                          SE OF
    49                           ; THIS SOFTWARE, EVEN IF ADVISED OF THE POSSIBILITY OF SUCH DAMAGE.
    50                           ; 
    51                           ; 
    52                           ; Code-generator required, PIC16F887 Definitions
    53                           ; 
    54                           ; SFR Addresses
    55  0000                     	;# 
    56  0001                     	;# 
    57  0002                     	;# 
    58  0003                     	;# 
    59  0004                     	;# 
    60  0005                     	;# 
    61  0006                     	;# 
    62  0007                     	;# 
    63  0008                     	;# 
    64  0009                     	;# 
    65  000A                     	;# 
    66  000B                     	;# 
    67  000C                     	;# 
    68  000D                     	;# 
    69  000E                     	;# 
    70  000E                     	;# 
    71  000F                     	;# 
    72  0010                     	;# 
    73  0011                     	;# 
    74  0012                     	;# 
    75  0013                     	;# 
    76  0014                     	;# 
    77  0015                     	;# 
    78  0015                     	;# 
    79  0016                     	;# 
    80  0017                     	;# 
    81  0018                     	;# 
    82  0019                     	;# 
    83  001A                     	;# 
    84  001B                     	;# 
    85  001B                     	;# 
    86  001C                     	;# 
    87  001D                     	;# 
    88  001E                     	;# 
    89  001F                     	;# 
    90  0081                     	;# 
    91  0085                     	;# 
    92  0086                     	;# 
    93  0087                     	;# 
    94  0088                     	;# 
    95  0089                     	;# 
    96  008C                     	;# 
    97  008D                     	;# 
    98  008E                     	;# 
    99  008F                     	;# 
   100  0090                     	;# 
   101  0091                     	;# 
   102  0092                     	;# 
   103  0093                     	;# 
   104  0093                     	;# 
   105  0093                     	;# 
   106  0094                     	;# 
   107  0095                     	;# 
   108  0096                     	;# 
   109  0097                     	;# 
   110  0098                     	;# 
   111  0099                     	;# 
   112  009A                     	;# 
   113  009B                     	;# 
   114  009C                     	;# 
   115  009D                     	;# 
   116  009E                     	;# 
   117  009F                     	;# 
   118  0105                     	;# 
   119  0107                     	;# 
   120  0108                     	;# 
   121  0109                     	;# 
   122  010C                     	;# 
   123  010C                     	;# 
   124  010D                     	;# 
   125  010E                     	;# 
   126  010F                     	;# 
   127  0185                     	;# 
   128  0187                     	;# 
   129  0188                     	;# 
   130  0189                     	;# 
   131  018C                     	;# 
   132  018D                     	;# 
   133  0000                     	;# 
   134  0001                     	;# 
   135  0002                     	;# 
   136  0003                     	;# 
   137  0004                     	;# 
   138  0005                     	;# 
   139  0006                     	;# 
   140  0007                     	;# 
   141  0008                     	;# 
   142  0009                     	;# 
   143  000A                     	;# 
   144  000B                     	;# 
   145  000C                     	;# 
   146  000D                     	;# 
   147  000E                     	;# 
   148  000E                     	;# 
   149  000F                     	;# 
   150  0010                     	;# 
   151  0011                     	;# 
   152  0012                     	;# 
   153  0013                     	;# 
   154  0014                     	;# 
   155  0015                     	;# 
   156  0015                     	;# 
   157  0016                     	;# 
   158  0017                     	;# 
   159  0018                     	;# 
   160  0019                     	;# 
   161  001A                     	;# 
   162  001B                     	;# 
   163  001B                     	;# 
   164  001C                     	;# 
   165  001D                     	;# 
   166  001E                     	;# 
   167  001F                     	;# 
   168  0081                     	;# 
   169  0085                     	;# 
   170  0086                     	;# 
   171  0087                     	;# 
   172  0088                     	;# 
   173  0089                     	;# 
   174  008C                     	;# 
   175  008D                     	;# 
   176  008E                     	;# 
   177  008F                     	;# 
   178  0090                     	;# 
   179  0091                     	;# 
   180  0092                     	;# 
   181  0093                     	;# 
   182  0093                     	;# 
   183  0093                     	;# 
   184  0094                     	;# 
   185  0095                     	;# 
   186  0096                     	;# 
   187  0097                     	;# 
   188  0098                     	;# 
   189  0099                     	;# 
   190  009A                     	;# 
   191  009B                     	;# 
   192  009C                     	;# 
   193  009D                     	;# 
   194  009E                     	;# 
   195  009F                     	;# 
   196  0105                     	;# 
   197  0107                     	;# 
   198  0108                     	;# 
   199  0109                     	;# 
   200  010C                     	;# 
   201  010C                     	;# 
   202  010D                     	;# 
   203  010E                     	;# 
   204  010F                     	;# 
   205  0185                     	;# 
   206  0187                     	;# 
   207  0188                     	;# 
   208  0189                     	;# 
   209  018C                     	;# 
   210  018D                     	;# 
   211  0000                     	;# 
   212  0001                     	;# 
   213  0002                     	;# 
   214  0003                     	;# 
   215  0004                     	;# 
   216  0005                     	;# 
   217  0006                     	;# 
   218  0007                     	;# 
   219  0008                     	;# 
   220  0009                     	;# 
   221  000A                     	;# 
   222  000B                     	;# 
   223  000C                     	;# 
   224  000D                     	;# 
   225  000E                     	;# 
   226  000E                     	;# 
   227  000F                     	;# 
   228  0010                     	;# 
   229  0011                     	;# 
   230  0012                     	;# 
   231  0013                     	;# 
   232  0014                     	;# 
   233  0015                     	;# 
   234  0015                     	;# 
   235  0016                     	;# 
   236  0017                     	;# 
   237  0018                     	;# 
   238  0019                     	;# 
   239  001A                     	;# 
   240  001B                     	;# 
   241  001B                     	;# 
   242  001C                     	;# 
   243  001D                     	;# 
   244  001E                     	;# 
   245  001F                     	;# 
   246  0081                     	;# 
   247  0085                     	;# 
   248  0086                     	;# 
   249  0087                     	;# 
   250  0088                     	;# 
   251  0089                     	;# 
   252  008C                     	;# 
   253  008D                     	;# 
   254  008E                     	;# 
   255  008F                     	;# 
   256  0090                     	;# 
   257  0091                     	;# 
   258  0092                     	;# 
   259  0093                     	;# 
   260  0093                     	;# 
   261  0093                     	;# 
   262  0094                     	;# 
   263  0095                     	;# 
   264  0096                     	;# 
   265  0097                     	;# 
   266  0098                     	;# 
   267  0099                     	;# 
   268  009A                     	;# 
   269  009B                     	;# 
   270  009C                     	;# 
   271  009D                     	;# 
   272  009E                     	;# 
   273  009F                     	;# 
   274  0105                     	;# 
   275  0107                     	;# 
   276  0108                     	;# 
   277  0109                     	;# 
   278  010C                     	;# 
   279  010C                     	;# 
   280  010D                     	;# 
   281  010E                     	;# 
   282  010F                     	;# 
   283  0185                     	;# 
   284  0187                     	;# 
   285  0188                     	;# 
   286  0189                     	;# 
   287  018C                     	;# 
   288  018D                     	;# 
   289  0013                     _SSPBUF	set	19
   290  0014                     _SSPCON	set	20
   291  0009                     _PORTE	set	9
   292  0008                     _PORTD	set	8
   293  0007                     _PORTC	set	7
   294  0005                     _PORTA	set	5
   295  000B                     _INTCONbits	set	11
   296  0006                     _PORTB	set	6
   297  0063                     _SSPIF	set	99
   298  005E                     _PEIE	set	94
   299  005F                     _GIE	set	95
   300  0091                     _SSPCON2bits	set	145
   301  0087                     _TRISCbits	set	135
   302  0094                     _SSPSTAT	set	148
   303  0093                     _SSPADD	set	147
   304  0091                     _SSPCON2	set	145
   305  0089                     _TRISE	set	137
   306  0088                     _TRISD	set	136
   307  0087                     _TRISC	set	135
   308  0086                     _TRISB	set	134
   309  0085                     _TRISA	set	133
   310  008F                     _OSCCONbits	set	143
   311  0463                     _SSPIE	set	1123
   312  043C                     _TRISC4	set	1084
   313  043B                     _TRISC3	set	1083
   314  0188                     _ANSEL	set	392
   315  0189                     _ANSELH	set	393
   316                           
   317                           	psect	cinit
   318  000F                     start_initialization:	
   319                           ; #config settings
   320                           
   321  000F                     __initialization:
   322  000F                     end_of_initialization:	
   323                           ;End of C runtime variable initialization code
   324                           
   325  000F                     __end_of__initialization:
   326  000F  0183               	clrf	3
   327  0010  120A  118A  28B3   	ljmp	_main	;jump to C main() function
   328                           
   329                           	psect	cstackCOMMON
   330  0070                     __pcstackCOMMON:
   331  0070                     ?_setup:
   332  0070                     ?_I2C_Master_Start:	
   333                           ; 1 bytes @ 0x0
   334                           
   335  0070                     ?_I2C_Master_Stop:	
   336                           ; 1 bytes @ 0x0
   337                           
   338  0070                     ?_main:	
   339                           ; 1 bytes @ 0x0
   340                           
   341  0070                     ?_isr:	
   342                           ; 1 bytes @ 0x0
   343                           
   344  0070                     ??_isr:	
   345                           ; 1 bytes @ 0x0
   346                           
   347  0070                     ?_I2C_Master_Wait:	
   348                           ; 1 bytes @ 0x0
   349                           
   350                           
   351                           ; 1 bytes @ 0x0
   352  0070                     	ds	2
   353  0072                     ??_I2C_Master_Start:
   354  0072                     ?_I2C_Master_Write:	
   355                           ; 1 bytes @ 0x2
   356                           
   357  0072                     ??_I2C_Master_Stop:	
   358                           ; 1 bytes @ 0x2
   359                           
   360  0072                     ??_I2C_Master_Wait:	
   361                           ; 1 bytes @ 0x2
   362                           
   363  0072                     ?_I2C_Master_Read:	
   364                           ; 1 bytes @ 0x2
   365                           
   366  0072                     ?___lldiv:	
   367                           ; 2 bytes @ 0x2
   368                           
   369  0072                     I2C_Master_Write@d:	
   370                           ; 4 bytes @ 0x2
   371                           
   372  0072                     I2C_Master_Read@a:	
   373                           ; 2 bytes @ 0x2
   374                           
   375  0072                     ___lldiv@divisor:	
   376                           ; 2 bytes @ 0x2
   377                           
   378                           
   379                           ; 4 bytes @ 0x2
   380  0072                     	ds	2
   381  0074                     ??_I2C_Master_Write:
   382  0074                     ??_I2C_Master_Read:	
   383                           ; 1 bytes @ 0x4
   384                           
   385                           
   386                           ; 1 bytes @ 0x4
   387  0074                     	ds	2
   388  0076                     I2C_Master_Read@temp:
   389  0076                     ___lldiv@dividend:	
   390                           ; 2 bytes @ 0x6
   391                           
   392                           
   393                           ; 4 bytes @ 0x6
   394  0076                     	ds	4
   395  007A                     ??___lldiv:
   396                           
   397                           ; 1 bytes @ 0xA
   398  007A                     	ds	1
   399  007B                     ??_setup:
   400                           
   401                           	psect	cstackBANK0
   402  0020                     __pcstackBANK0:	
   403                           ; 1 bytes @ 0xB
   404                           
   405  0020                     ___lldiv@quotient:
   406                           
   407                           ; 4 bytes @ 0x0
   408  0020                     	ds	4
   409  0024                     ___lldiv@counter:
   410                           
   411                           ; 1 bytes @ 0x4
   412  0024                     	ds	1
   413  0025                     ?_I2C_Master_Init:
   414  0025                     I2C_Master_Init@c:	
   415                           ; 1 bytes @ 0x5
   416                           
   417                           
   418                           ; 4 bytes @ 0x5
   419  0025                     	ds	4
   420  0029                     ??_I2C_Master_Init:
   421                           
   422                           ; 1 bytes @ 0x9
   423  0029                     	ds	4
   424  002D                     ??_main:
   425                           
   426                           ; 1 bytes @ 0xD
   427  002D                     	ds	3
   428                           
   429                           	psect	maintext
   430  00B3                     __pmaintext:	
   431 ;;
   432 ;;Main: autosize = 0, tempsize = 3, incstack = 0, save=0
   433 ;;
   434 ;; *************** function _main *****************
   435 ;; Defined at:
   436 ;;		line 64 in file "Lab04_main_master.c"
   437 ;; Parameters:    Size  Location     Type
   438 ;;		None
   439 ;; Auto vars:     Size  Location     Type
   440 ;;		None
   441 ;; Return value:  Size  Location     Type
   442 ;;                  1    wreg      void 
   443 ;; Registers used:
   444 ;;		wreg, status,2, status,0, pclath, cstack
   445 ;; Tracked objects:
   446 ;;		On entry : B00/0
   447 ;;		On exit  : 0/0
   448 ;;		Unchanged: 0/0
   449 ;; Data sizes:     COMMON   BANK0   BANK1   BANK3   BANK2
   450 ;;      Params:         0       0       0       0       0
   451 ;;      Locals:         0       0       0       0       0
   452 ;;      Temps:          0       3       0       0       0
   453 ;;      Totals:         0       3       0       0       0
   454 ;;Total ram usage:        3 bytes
   455 ;; Hardware stack levels required when called:    4
   456 ;; This function calls:
   457 ;;		_I2C_Master_Read
   458 ;;		_I2C_Master_Start
   459 ;;		_I2C_Master_Stop
   460 ;;		_I2C_Master_Write
   461 ;;		_setup
   462 ;; This function is called by:
   463 ;;		Startup code after reset
   464 ;; This function uses a non-reentrant model
   465 ;;
   466                           
   467                           
   468                           ;psect for function _main
   469  00B3                     _main:
   470  00B3                     l873:	
   471                           ;incstack = 0
   472                           ; Regs used in _main: [wreg+status,2+status,0+pclath+cstack]
   473                           
   474  00B3  120A  118A  2118  120A  118A  	fcall	_setup
   475  00B8                     l47:
   476  00B8  120A  118A  2160  120A  118A  	fcall	_I2C_Master_Start
   477  00BD  3071               	movlw	113
   478  00BE  00F2               	movwf	I2C_Master_Write@d
   479  00BF  3000               	movlw	0
   480  00C0  00F3               	movwf	I2C_Master_Write@d+1
   481  00C1  120A  118A  214D  120A  118A  	fcall	_I2C_Master_Write
   482  00C6  3000               	movlw	0
   483  00C7  00F2               	movwf	I2C_Master_Read@a
   484  00C8  00F3               	movwf	I2C_Master_Read@a+1
   485  00C9  120A  118A  20EA  120A  118A  	fcall	_I2C_Master_Read
   486  00CE  0872               	movf	?_I2C_Master_Read,w
   487  00CF  1283               	bcf	3,5	;RP0=0, select bank0
   488  00D0  1303               	bcf	3,6	;RP1=0, select bank0
   489  00D1  0086               	movwf	6	;volatile
   490  00D2  120A  118A  2157  120A  118A  	fcall	_I2C_Master_Stop
   491  00D7                     l875:
   492  00D7  3003               	movlw	3
   493  00D8  1283               	bcf	3,5	;RP0=0, select bank0
   494  00D9  1303               	bcf	3,6	;RP1=0, select bank0
   495  00DA  00AF               	movwf	??_main+2
   496  00DB  3008               	movlw	8
   497  00DC  00AE               	movwf	??_main+1
   498  00DD  3076               	movlw	118
   499  00DE  00AD               	movwf	??_main
   500  00DF                     u217:
   501  00DF  0BAD               	decfsz	??_main,f
   502  00E0  28DF               	goto	u217
   503  00E1  0BAE               	decfsz	??_main+1,f
   504  00E2  28DF               	goto	u217
   505  00E3  0BAF               	decfsz	??_main+2,f
   506  00E4  28DF               	goto	u217
   507  00E5  0000               	nop
   508  00E6  28B8               	goto	l47
   509  00E7  120A  118A  280C   	ljmp	start
   510  00EA                     __end_of_main:
   511                           
   512                           	psect	text1
   513  0118                     __ptext1:	
   514 ;; *************** function _setup *****************
   515 ;; Defined at:
   516 ;;		line 89 in file "Lab04_main_master.c"
   517 ;; Parameters:    Size  Location     Type
   518 ;;		None
   519 ;; Auto vars:     Size  Location     Type
   520 ;;		None
   521 ;; Return value:  Size  Location     Type
   522 ;;                  1    wreg      void 
   523 ;; Registers used:
   524 ;;		wreg, status,2, status,0, pclath, cstack
   525 ;; Tracked objects:
   526 ;;		On entry : 0/0
   527 ;;		On exit  : 0/0
   528 ;;		Unchanged: 0/0
   529 ;; Data sizes:     COMMON   BANK0   BANK1   BANK3   BANK2
   530 ;;      Params:         0       0       0       0       0
   531 ;;      Locals:         0       0       0       0       0
   532 ;;      Temps:          0       0       0       0       0
   533 ;;      Totals:         0       0       0       0       0
   534 ;;Total ram usage:        0 bytes
   535 ;; Hardware stack levels used:    1
   536 ;; Hardware stack levels required when called:    3
   537 ;; This function calls:
   538 ;;		_I2C_Master_Init
   539 ;; This function is called by:
   540 ;;		_main
   541 ;; This function uses a non-reentrant model
   542 ;;
   543                           
   544                           
   545                           ;psect for function _setup
   546  0118                     _setup:
   547  0118                     l843:	
   548                           ;incstack = 0
   549                           ; Regs used in _setup: [wreg+status,2+status,0+pclath+cstack]
   550                           
   551  0118  1683               	bsf	3,5	;RP0=1, select bank1
   552  0119  1303               	bcf	3,6	;RP1=0, select bank1
   553  011A  170F               	bsf	15,6	;volatile
   554  011B  168F               	bsf	15,5	;volatile
   555  011C  160F               	bsf	15,4	;volatile
   556  011D  140F               	bsf	15,0	;volatile
   557  011E                     l845:
   558  011E  1683               	bsf	3,5	;RP0=1, select bank3
   559  011F  1703               	bsf	3,6	;RP1=1, select bank3
   560  0120  0189               	clrf	9	;volatile
   561  0121  0188               	clrf	8	;volatile
   562  0122  1683               	bsf	3,5	;RP0=1, select bank1
   563  0123  1303               	bcf	3,6	;RP1=0, select bank1
   564  0124  0185               	clrf	5	;volatile
   565  0125  0186               	clrf	6	;volatile
   566  0126  0187               	clrf	7	;volatile
   567  0127  0188               	clrf	8	;volatile
   568  0128  0189               	clrf	9	;volatile
   569  0129  1283               	bcf	3,5	;RP0=0, select bank0
   570  012A  1303               	bcf	3,6	;RP1=0, select bank0
   571  012B  0185               	clrf	5	;volatile
   572  012C  0186               	clrf	6	;volatile
   573  012D  0187               	clrf	7	;volatile
   574  012E  0188               	clrf	8	;volatile
   575  012F  0189               	clrf	9	;volatile
   576  0130                     l847:
   577  0130  138B               	bcf	11,7	;volatile
   578  0131                     l849:
   579  0131  130B               	bcf	11,6	;volatile
   580  0132                     l851:
   581  0132  3000               	movlw	0
   582  0133  00A8               	movwf	I2C_Master_Init@c+3
   583  0134  3001               	movlw	1
   584  0135  00A7               	movwf	I2C_Master_Init@c+2
   585  0136  3086               	movlw	134
   586  0137  00A6               	movwf	I2C_Master_Init@c+1
   587  0138  30A0               	movlw	160
   588  0139  00A5               	movwf	I2C_Master_Init@c
   589  013A  120A  118A  207B  120A  118A  	fcall	_I2C_Master_Init
   590  013F                     l58:
   591  013F  0008               	return
   592  0140                     __end_of_setup:
   593                           
   594                           	psect	text2
   595  007B                     __ptext2:	
   596 ;; *************** function _I2C_Master_Init *****************
   597 ;; Defined at:
   598 ;;		line 16 in file "I2C.c"
   599 ;; Parameters:    Size  Location     Type
   600 ;;  c               4    5[BANK0 ] const unsigned long 
   601 ;; Auto vars:     Size  Location     Type
   602 ;;		None
   603 ;; Return value:  Size  Location     Type
   604 ;;                  1    wreg      void 
   605 ;; Registers used:
   606 ;;		wreg, status,2, status,0, pclath, cstack
   607 ;; Tracked objects:
   608 ;;		On entry : 0/0
   609 ;;		On exit  : 0/0
   610 ;;		Unchanged: 0/0
   611 ;; Data sizes:     COMMON   BANK0   BANK1   BANK3   BANK2
   612 ;;      Params:         0       4       0       0       0
   613 ;;      Locals:         0       0       0       0       0
   614 ;;      Temps:          0       4       0       0       0
   615 ;;      Totals:         0       8       0       0       0
   616 ;;Total ram usage:        8 bytes
   617 ;; Hardware stack levels used:    1
   618 ;; Hardware stack levels required when called:    2
   619 ;; This function calls:
   620 ;;		___lldiv
   621 ;; This function is called by:
   622 ;;		_setup
   623 ;; This function uses a non-reentrant model
   624 ;;
   625                           
   626                           
   627                           ;psect for function _I2C_Master_Init
   628  007B                     _I2C_Master_Init:
   629  007B                     l831:	
   630                           ;incstack = 0
   631                           ; Regs used in _I2C_Master_Init: [wreg+status,2+status,0+pclath+cstack]
   632                           
   633                           
   634                           ;I2C.c: 16: void I2C_Master_Init(const unsigned long c);I2C.c: 17: {;I2C.c: 18:     SSPC
      +                          ON = 0b00101000;
   635  007B  3028               	movlw	40
   636  007C  1283               	bcf	3,5	;RP0=0, select bank0
   637  007D  1303               	bcf	3,6	;RP1=0, select bank0
   638  007E  0094               	movwf	20	;volatile
   639  007F                     l833:
   640                           
   641                           ;I2C.c: 19:     SSPCON2 = 0;
   642  007F  1683               	bsf	3,5	;RP0=1, select bank1
   643  0080  1303               	bcf	3,6	;RP1=0, select bank1
   644  0081  0191               	clrf	17	;volatile
   645  0082                     l835:
   646                           
   647                           ;I2C.c: 20:     SSPADD = (8000000/(4*c))-1;
   648  0082  1283               	bcf	3,5	;RP0=0, select bank0
   649  0083  1303               	bcf	3,6	;RP1=0, select bank0
   650  0084  0825               	movf	I2C_Master_Init@c,w
   651  0085  00A9               	movwf	??_I2C_Master_Init
   652  0086  0826               	movf	I2C_Master_Init@c+1,w
   653  0087  00AA               	movwf	??_I2C_Master_Init+1
   654  0088  0827               	movf	I2C_Master_Init@c+2,w
   655  0089  00AB               	movwf	??_I2C_Master_Init+2
   656  008A  0828               	movf	I2C_Master_Init@c+3,w
   657  008B  00AC               	movwf	??_I2C_Master_Init+3
   658  008C  3002               	movlw	2
   659  008D                     u195:
   660  008D  1003               	clrc
   661  008E  0DA9               	rlf	??_I2C_Master_Init,f
   662  008F  0DAA               	rlf	??_I2C_Master_Init+1,f
   663  0090  0DAB               	rlf	??_I2C_Master_Init+2,f
   664  0091  0DAC               	rlf	??_I2C_Master_Init+3,f
   665  0092                     u190:
   666  0092  3EFF               	addlw	-1
   667  0093  1D03               	skipz
   668  0094  288D               	goto	u195
   669  0095  082C               	movf	??_I2C_Master_Init+3,w
   670  0096  00F5               	movwf	___lldiv@divisor+3
   671  0097  082B               	movf	??_I2C_Master_Init+2,w
   672  0098  00F4               	movwf	___lldiv@divisor+2
   673  0099  082A               	movf	??_I2C_Master_Init+1,w
   674  009A  00F3               	movwf	___lldiv@divisor+1
   675  009B  0829               	movf	??_I2C_Master_Init,w
   676  009C  00F2               	movwf	___lldiv@divisor
   677  009D  3000               	movlw	0
   678  009E  00F9               	movwf	___lldiv@dividend+3
   679  009F  307A               	movlw	122
   680  00A0  00F8               	movwf	___lldiv@dividend+2
   681  00A1  3012               	movlw	18
   682  00A2  00F7               	movwf	___lldiv@dividend+1
   683  00A3  3000               	movlw	0
   684  00A4  00F6               	movwf	___lldiv@dividend
   685  00A5  120A  118A  2013  120A  118A  	fcall	___lldiv
   686  00AA  0872               	movf	?___lldiv,w
   687  00AB  3EFF               	addlw	255
   688  00AC  1683               	bsf	3,5	;RP0=1, select bank1
   689  00AD  1303               	bcf	3,6	;RP1=0, select bank1
   690  00AE  0093               	movwf	19	;volatile
   691  00AF                     l837:
   692                           
   693                           ;I2C.c: 21:     SSPSTAT = 0;
   694  00AF  0194               	clrf	20	;volatile
   695  00B0                     l839:
   696                           
   697                           ;I2C.c: 22:     TRISCbits.TRISC3 = 1;
   698  00B0  1587               	bsf	7,3	;volatile
   699  00B1                     l841:
   700                           
   701                           ;I2C.c: 23:     TRISCbits.TRISC4 = 1;
   702  00B1  1607               	bsf	7,4	;volatile
   703  00B2                     l87:
   704  00B2  0008               	return
   705  00B3                     __end_of_I2C_Master_Init:
   706                           
   707                           	psect	text3
   708  0013                     __ptext3:	
   709 ;; *************** function ___lldiv *****************
   710 ;; Defined at:
   711 ;;		line 5 in file "C:\Program Files\Microchip\xc8\v2.31\pic\sources\c90\common\__lldiv.c"
   712 ;; Parameters:    Size  Location     Type
   713 ;;  divisor         4    2[COMMON] unsigned long 
   714 ;;  dividend        4    6[COMMON] unsigned long 
   715 ;; Auto vars:     Size  Location     Type
   716 ;;  quotient        4    0[BANK0 ] unsigned long 
   717 ;;  counter         1    4[BANK0 ] unsigned char 
   718 ;; Return value:  Size  Location     Type
   719 ;;                  4    2[COMMON] unsigned long 
   720 ;; Registers used:
   721 ;;		wreg, status,2, status,0
   722 ;; Tracked objects:
   723 ;;		On entry : 0/0
   724 ;;		On exit  : 0/0
   725 ;;		Unchanged: 0/0
   726 ;; Data sizes:     COMMON   BANK0   BANK1   BANK3   BANK2
   727 ;;      Params:         8       0       0       0       0
   728 ;;      Locals:         0       5       0       0       0
   729 ;;      Temps:          1       0       0       0       0
   730 ;;      Totals:         9       5       0       0       0
   731 ;;Total ram usage:       14 bytes
   732 ;; Hardware stack levels used:    1
   733 ;; Hardware stack levels required when called:    1
   734 ;; This function calls:
   735 ;;		Nothing
   736 ;; This function is called by:
   737 ;;		_I2C_Master_Init
   738 ;; This function uses a non-reentrant model
   739 ;;
   740                           
   741                           
   742                           ;psect for function ___lldiv
   743  0013                     ___lldiv:
   744  0013                     l807:	
   745                           ;incstack = 0
   746                           ; Regs used in ___lldiv: [wreg+status,2+status,0]
   747                           
   748  0013  3000               	movlw	0
   749  0014  1283               	bcf	3,5	;RP0=0, select bank0
   750  0015  1303               	bcf	3,6	;RP1=0, select bank0
   751  0016  00A3               	movwf	___lldiv@quotient+3
   752  0017  3000               	movlw	0
   753  0018  00A2               	movwf	___lldiv@quotient+2
   754  0019  3000               	movlw	0
   755  001A  00A1               	movwf	___lldiv@quotient+1
   756  001B  3000               	movlw	0
   757  001C  00A0               	movwf	___lldiv@quotient
   758  001D  0875               	movf	___lldiv@divisor+3,w
   759  001E  0474               	iorwf	___lldiv@divisor+2,w
   760  001F  0473               	iorwf	___lldiv@divisor+1,w
   761  0020  0472               	iorwf	___lldiv@divisor,w
   762  0021  1903               	skipnz
   763  0022  2824               	goto	u121
   764  0023  2825               	goto	u120
   765  0024                     u121:
   766  0024  2872               	goto	l827
   767  0025                     u120:
   768  0025                     l809:
   769  0025  01A4               	clrf	___lldiv@counter
   770  0026  0AA4               	incf	___lldiv@counter,f
   771  0027  2835               	goto	l813
   772  0028                     l811:
   773  0028  3001               	movlw	1
   774  0029  00FA               	movwf	??___lldiv
   775  002A                     u135:
   776  002A  1003               	clrc
   777  002B  0DF2               	rlf	___lldiv@divisor,f
   778  002C  0DF3               	rlf	___lldiv@divisor+1,f
   779  002D  0DF4               	rlf	___lldiv@divisor+2,f
   780  002E  0DF5               	rlf	___lldiv@divisor+3,f
   781  002F  0BFA               	decfsz	??___lldiv,f
   782  0030  282A               	goto	u135
   783  0031  3001               	movlw	1
   784  0032  00FA               	movwf	??___lldiv
   785  0033  087A               	movf	??___lldiv,w
   786  0034  07A4               	addwf	___lldiv@counter,f
   787  0035                     l813:
   788  0035  1FF5               	btfss	___lldiv@divisor+3,7
   789  0036  2838               	goto	u141
   790  0037  2839               	goto	u140
   791  0038                     u141:
   792  0038  2828               	goto	l811
   793  0039                     u140:
   794  0039                     l815:
   795  0039  3001               	movlw	1
   796  003A  00FA               	movwf	??___lldiv
   797  003B                     u155:
   798  003B  1003               	clrc
   799  003C  0DA0               	rlf	___lldiv@quotient,f
   800  003D  0DA1               	rlf	___lldiv@quotient+1,f
   801  003E  0DA2               	rlf	___lldiv@quotient+2,f
   802  003F  0DA3               	rlf	___lldiv@quotient+3,f
   803  0040  0BFA               	decfsz	??___lldiv,f
   804  0041  283B               	goto	u155
   805  0042                     l817:
   806  0042  0875               	movf	___lldiv@divisor+3,w
   807  0043  0279               	subwf	___lldiv@dividend+3,w
   808  0044  1D03               	skipz
   809  0045  2850               	goto	u165
   810  0046  0874               	movf	___lldiv@divisor+2,w
   811  0047  0278               	subwf	___lldiv@dividend+2,w
   812  0048  1D03               	skipz
   813  0049  2850               	goto	u165
   814  004A  0873               	movf	___lldiv@divisor+1,w
   815  004B  0277               	subwf	___lldiv@dividend+1,w
   816  004C  1D03               	skipz
   817  004D  2850               	goto	u165
   818  004E  0872               	movf	___lldiv@divisor,w
   819  004F  0276               	subwf	___lldiv@dividend,w
   820  0050                     u165:
   821  0050  1C03               	skipc
   822  0051  2853               	goto	u161
   823  0052  2854               	goto	u160
   824  0053                     u161:
   825  0053  2863               	goto	l823
   826  0054                     u160:
   827  0054                     l819:
   828  0054  0872               	movf	___lldiv@divisor,w
   829  0055  02F6               	subwf	___lldiv@dividend,f
   830  0056  0873               	movf	___lldiv@divisor+1,w
   831  0057  1C03               	skipc
   832  0058  0F73               	incfsz	___lldiv@divisor+1,w
   833  0059  02F7               	subwf	___lldiv@dividend+1,f
   834  005A  0874               	movf	___lldiv@divisor+2,w
   835  005B  1C03               	skipc
   836  005C  0F74               	incfsz	___lldiv@divisor+2,w
   837  005D  02F8               	subwf	___lldiv@dividend+2,f
   838  005E  0875               	movf	___lldiv@divisor+3,w
   839  005F  1C03               	skipc
   840  0060  0F75               	incfsz	___lldiv@divisor+3,w
   841  0061  02F9               	subwf	___lldiv@dividend+3,f
   842  0062                     l821:
   843  0062  1420               	bsf	___lldiv@quotient,0
   844  0063                     l823:
   845  0063  3001               	movlw	1
   846  0064                     u175:
   847  0064  1003               	clrc
   848  0065  0CF5               	rrf	___lldiv@divisor+3,f
   849  0066  0CF4               	rrf	___lldiv@divisor+2,f
   850  0067  0CF3               	rrf	___lldiv@divisor+1,f
   851  0068  0CF2               	rrf	___lldiv@divisor,f
   852  0069  3EFF               	addlw	-1
   853  006A  1D03               	skipz
   854  006B  2864               	goto	u175
   855  006C                     l825:
   856  006C  3001               	movlw	1
   857  006D  02A4               	subwf	___lldiv@counter,f
   858  006E  1D03               	btfss	3,2
   859  006F  2871               	goto	u181
   860  0070  2872               	goto	u180
   861  0071                     u181:
   862  0071  2839               	goto	l815
   863  0072                     u180:
   864  0072                     l827:
   865  0072  0823               	movf	___lldiv@quotient+3,w
   866  0073  00F5               	movwf	?___lldiv+3
   867  0074  0822               	movf	___lldiv@quotient+2,w
   868  0075  00F4               	movwf	?___lldiv+2
   869  0076  0821               	movf	___lldiv@quotient+1,w
   870  0077  00F3               	movwf	?___lldiv+1
   871  0078  0820               	movf	___lldiv@quotient,w
   872  0079  00F2               	movwf	?___lldiv
   873  007A                     l235:
   874  007A  0008               	return
   875  007B                     __end_of___lldiv:
   876                           
   877                           	psect	text4
   878  014D                     __ptext4:	
   879 ;; *************** function _I2C_Master_Write *****************
   880 ;; Defined at:
   881 ;;		line 65 in file "I2C.c"
   882 ;; Parameters:    Size  Location     Type
   883 ;;  d               2    2[COMMON] unsigned int 
   884 ;; Auto vars:     Size  Location     Type
   885 ;;		None
   886 ;; Return value:  Size  Location     Type
   887 ;;                  1    wreg      void 
   888 ;; Registers used:
   889 ;;		wreg, status,2, status,0, pclath, cstack
   890 ;; Tracked objects:
   891 ;;		On entry : 0/0
   892 ;;		On exit  : 0/0
   893 ;;		Unchanged: 0/0
   894 ;; Data sizes:     COMMON   BANK0   BANK1   BANK3   BANK2
   895 ;;      Params:         2       0       0       0       0
   896 ;;      Locals:         0       0       0       0       0
   897 ;;      Temps:          0       0       0       0       0
   898 ;;      Totals:         2       0       0       0       0
   899 ;;Total ram usage:        2 bytes
   900 ;; Hardware stack levels used:    1
   901 ;; Hardware stack levels required when called:    2
   902 ;; This function calls:
   903 ;;		_I2C_Master_Wait
   904 ;; This function is called by:
   905 ;;		_main
   906 ;; This function uses a non-reentrant model
   907 ;;
   908                           
   909                           
   910                           ;psect for function _I2C_Master_Write
   911  014D                     _I2C_Master_Write:
   912  014D                     l853:	
   913                           ;incstack = 0
   914                           ; Regs used in _I2C_Master_Write: [wreg+status,2+status,0+pclath+cstack]
   915                           
   916                           
   917                           ;I2C.c: 65: void I2C_Master_Write(unsigned d);I2C.c: 66: {;I2C.c: 67:     I2C_Master_Wai
      +                          t();
   918  014D  120A  118A  2140  120A  118A  	fcall	_I2C_Master_Wait
   919  0152                     l855:
   920                           
   921                           ;I2C.c: 68:     SSPBUF = d;
   922  0152  0872               	movf	I2C_Master_Write@d,w
   923  0153  1283               	bcf	3,5	;RP0=0, select bank0
   924  0154  1303               	bcf	3,6	;RP1=0, select bank0
   925  0155  0093               	movwf	19	;volatile
   926  0156                     l105:
   927  0156  0008               	return
   928  0157                     __end_of_I2C_Master_Write:
   929                           
   930                           	psect	text5
   931  0157                     __ptext5:	
   932 ;; *************** function _I2C_Master_Stop *****************
   933 ;; Defined at:
   934 ;;		line 55 in file "I2C.c"
   935 ;; Parameters:    Size  Location     Type
   936 ;;		None
   937 ;; Auto vars:     Size  Location     Type
   938 ;;		None
   939 ;; Return value:  Size  Location     Type
   940 ;;                  1    wreg      void 
   941 ;; Registers used:
   942 ;;		wreg, status,2, status,0, pclath, cstack
   943 ;; Tracked objects:
   944 ;;		On entry : 0/0
   945 ;;		On exit  : 0/0
   946 ;;		Unchanged: 0/0
   947 ;; Data sizes:     COMMON   BANK0   BANK1   BANK3   BANK2
   948 ;;      Params:         0       0       0       0       0
   949 ;;      Locals:         0       0       0       0       0
   950 ;;      Temps:          0       0       0       0       0
   951 ;;      Totals:         0       0       0       0       0
   952 ;;Total ram usage:        0 bytes
   953 ;; Hardware stack levels used:    1
   954 ;; Hardware stack levels required when called:    2
   955 ;; This function calls:
   956 ;;		_I2C_Master_Wait
   957 ;; This function is called by:
   958 ;;		_main
   959 ;; This function uses a non-reentrant model
   960 ;;
   961                           
   962                           
   963                           ;psect for function _I2C_Master_Stop
   964  0157                     _I2C_Master_Stop:
   965  0157                     l779:	
   966                           ;incstack = 0
   967                           ; Regs used in _I2C_Master_Stop: [wreg+status,2+status,0+pclath+cstack]
   968                           
   969                           
   970                           ;I2C.c: 57:     I2C_Master_Wait();
   971  0157  120A  118A  2140  120A  118A  	fcall	_I2C_Master_Wait
   972  015C                     l781:
   973                           
   974                           ;I2C.c: 58:     SSPCON2bits.PEN = 1;
   975  015C  1683               	bsf	3,5	;RP0=1, select bank1
   976  015D  1303               	bcf	3,6	;RP1=0, select bank1
   977  015E  1511               	bsf	17,2	;volatile
   978  015F                     l102:
   979  015F  0008               	return
   980  0160                     __end_of_I2C_Master_Stop:
   981                           
   982                           	psect	text6
   983  0160                     __ptext6:	
   984 ;; *************** function _I2C_Master_Start *****************
   985 ;; Defined at:
   986 ;;		line 39 in file "I2C.c"
   987 ;; Parameters:    Size  Location     Type
   988 ;;		None
   989 ;; Auto vars:     Size  Location     Type
   990 ;;		None
   991 ;; Return value:  Size  Location     Type
   992 ;;                  1    wreg      void 
   993 ;; Registers used:
   994 ;;		wreg, status,2, status,0, pclath, cstack
   995 ;; Tracked objects:
   996 ;;		On entry : 0/0
   997 ;;		On exit  : 0/0
   998 ;;		Unchanged: 0/0
   999 ;; Data sizes:     COMMON   BANK0   BANK1   BANK3   BANK2
  1000 ;;      Params:         0       0       0       0       0
  1001 ;;      Locals:         0       0       0       0       0
  1002 ;;      Temps:          0       0       0       0       0
  1003 ;;      Totals:         0       0       0       0       0
  1004 ;;Total ram usage:        0 bytes
  1005 ;; Hardware stack levels used:    1
  1006 ;; Hardware stack levels required when called:    2
  1007 ;; This function calls:
  1008 ;;		_I2C_Master_Wait
  1009 ;; This function is called by:
  1010 ;;		_main
  1011 ;; This function uses a non-reentrant model
  1012 ;;
  1013                           
  1014                           
  1015                           ;psect for function _I2C_Master_Start
  1016  0160                     _I2C_Master_Start:
  1017  0160                     l755:	
  1018                           ;incstack = 0
  1019                           ; Regs used in _I2C_Master_Start: [wreg+status,2+status,0+pclath+cstack]
  1020                           
  1021                           
  1022                           ;I2C.c: 41:     I2C_Master_Wait();
  1023  0160  120A  118A  2140  120A  118A  	fcall	_I2C_Master_Wait
  1024  0165                     l757:
  1025                           
  1026                           ;I2C.c: 42:     SSPCON2bits.SEN = 1;
  1027  0165  1683               	bsf	3,5	;RP0=1, select bank1
  1028  0166  1303               	bcf	3,6	;RP1=0, select bank1
  1029  0167  1411               	bsf	17,0	;volatile
  1030  0168                     l96:
  1031  0168  0008               	return
  1032  0169                     __end_of_I2C_Master_Start:
  1033                           
  1034                           	psect	text7
  1035  00EA                     __ptext7:	
  1036 ;; *************** function _I2C_Master_Read *****************
  1037 ;; Defined at:
  1038 ;;		line 74 in file "I2C.c"
  1039 ;; Parameters:    Size  Location     Type
  1040 ;;  a               2    2[COMMON] unsigned short 
  1041 ;; Auto vars:     Size  Location     Type
  1042 ;;  temp            2    6[COMMON] unsigned short 
  1043 ;; Return value:  Size  Location     Type
  1044 ;;                  2    2[COMMON] unsigned short 
  1045 ;; Registers used:
  1046 ;;		wreg, status,2, status,0, pclath, cstack
  1047 ;; Tracked objects:
  1048 ;;		On entry : 0/0
  1049 ;;		On exit  : 0/0
  1050 ;;		Unchanged: 0/0
  1051 ;; Data sizes:     COMMON   BANK0   BANK1   BANK3   BANK2
  1052 ;;      Params:         2       0       0       0       0
  1053 ;;      Locals:         2       0       0       0       0
  1054 ;;      Temps:          2       0       0       0       0
  1055 ;;      Totals:         6       0       0       0       0
  1056 ;;Total ram usage:        6 bytes
  1057 ;; Hardware stack levels used:    1
  1058 ;; Hardware stack levels required when called:    2
  1059 ;; This function calls:
  1060 ;;		_I2C_Master_Wait
  1061 ;; This function is called by:
  1062 ;;		_main
  1063 ;; This function uses a non-reentrant model
  1064 ;;
  1065                           
  1066                           
  1067                           ;psect for function _I2C_Master_Read
  1068  00EA                     _I2C_Master_Read:
  1069  00EA                     l857:	
  1070                           ;incstack = 0
  1071                           ; Regs used in _I2C_Master_Read: [wreg+status,2+status,0+pclath+cstack]
  1072                           
  1073                           
  1074                           ;I2C.c: 74: unsigned short I2C_Master_Read(unsigned short a);I2C.c: 75: {;I2C.c: 76:    
      +                           unsigned short temp;;I2C.c: 77:     I2C_Master_Wait();
  1075  00EA  120A  118A  2140  120A  118A  	fcall	_I2C_Master_Wait
  1076  00EF                     l859:
  1077                           
  1078                           ;I2C.c: 78:     SSPCON2bits.RCEN = 1;
  1079  00EF  1683               	bsf	3,5	;RP0=1, select bank1
  1080  00F0  1303               	bcf	3,6	;RP1=0, select bank1
  1081  00F1  1591               	bsf	17,3	;volatile
  1082                           
  1083                           ;I2C.c: 79:     I2C_Master_Wait();
  1084  00F2  120A  118A  2140  120A  118A  	fcall	_I2C_Master_Wait
  1085  00F7                     l861:
  1086                           
  1087                           ;I2C.c: 80:     temp = SSPBUF;
  1088  00F7  1283               	bcf	3,5	;RP0=0, select bank0
  1089  00F8  1303               	bcf	3,6	;RP1=0, select bank0
  1090  00F9  0813               	movf	19,w	;volatile
  1091  00FA  00F4               	movwf	??_I2C_Master_Read
  1092  00FB  01F5               	clrf	??_I2C_Master_Read+1
  1093  00FC  0874               	movf	??_I2C_Master_Read,w
  1094  00FD  00F6               	movwf	I2C_Master_Read@temp
  1095  00FE  0875               	movf	??_I2C_Master_Read+1,w
  1096  00FF  00F7               	movwf	I2C_Master_Read@temp+1
  1097  0100                     l863:
  1098                           
  1099                           ;I2C.c: 81:     I2C_Master_Wait();
  1100  0100  120A  118A  2140  120A  118A  	fcall	_I2C_Master_Wait
  1101  0105                     l865:
  1102                           
  1103                           ;I2C.c: 82:     if(a == 1){
  1104  0105  0372               	decf	I2C_Master_Read@a,w
  1105  0106  0473               	iorwf	I2C_Master_Read@a+1,w
  1106  0107  1D03               	btfss	3,2
  1107  0108  290A               	goto	u201
  1108  0109  290B               	goto	u200
  1109  010A                     u201:
  1110  010A  290F               	goto	l108
  1111  010B                     u200:
  1112  010B                     l867:
  1113                           
  1114                           ;I2C.c: 83:         SSPCON2bits.ACKDT = 0;
  1115  010B  1683               	bsf	3,5	;RP0=1, select bank1
  1116  010C  1303               	bcf	3,6	;RP1=0, select bank1
  1117  010D  1291               	bcf	17,5	;volatile
  1118                           
  1119                           ;I2C.c: 84:     }else{
  1120  010E  2912               	goto	l109
  1121  010F                     l108:
  1122                           
  1123                           ;I2C.c: 85:         SSPCON2bits.ACKDT = 1;
  1124  010F  1683               	bsf	3,5	;RP0=1, select bank1
  1125  0110  1303               	bcf	3,6	;RP1=0, select bank1
  1126  0111  1691               	bsf	17,5	;volatile
  1127  0112                     l109:	
  1128                           ;I2C.c: 86:     }
  1129                           
  1130                           
  1131                           ;I2C.c: 87:     SSPCON2bits.ACKEN = 1;
  1132  0112  1611               	bsf	17,4	;volatile
  1133  0113                     l869:
  1134                           
  1135                           ;I2C.c: 88:     return temp;
  1136  0113  0877               	movf	I2C_Master_Read@temp+1,w
  1137  0114  00F3               	movwf	?_I2C_Master_Read+1
  1138  0115  0876               	movf	I2C_Master_Read@temp,w
  1139  0116  00F2               	movwf	?_I2C_Master_Read
  1140  0117                     l110:
  1141  0117  0008               	return
  1142  0118                     __end_of_I2C_Master_Read:
  1143                           
  1144                           	psect	text8
  1145  0140                     __ptext8:	
  1146 ;; *************** function _I2C_Master_Wait *****************
  1147 ;; Defined at:
  1148 ;;		line 32 in file "I2C.c"
  1149 ;; Parameters:    Size  Location     Type
  1150 ;;		None
  1151 ;; Auto vars:     Size  Location     Type
  1152 ;;		None
  1153 ;; Return value:  Size  Location     Type
  1154 ;;                  1    wreg      void 
  1155 ;; Registers used:
  1156 ;;		wreg, status,2
  1157 ;; Tracked objects:
  1158 ;;		On entry : 0/0
  1159 ;;		On exit  : 0/0
  1160 ;;		Unchanged: 0/0
  1161 ;; Data sizes:     COMMON   BANK0   BANK1   BANK3   BANK2
  1162 ;;      Params:         0       0       0       0       0
  1163 ;;      Locals:         0       0       0       0       0
  1164 ;;      Temps:          0       0       0       0       0
  1165 ;;      Totals:         0       0       0       0       0
  1166 ;;Total ram usage:        0 bytes
  1167 ;; Hardware stack levels used:    1
  1168 ;; Hardware stack levels required when called:    1
  1169 ;; This function calls:
  1170 ;;		Nothing
  1171 ;; This function is called by:
  1172 ;;		_I2C_Master_Start
  1173 ;;		_I2C_Master_Stop
  1174 ;;		_I2C_Master_Write
  1175 ;;		_I2C_Master_Read
  1176 ;;		_I2C_Master_RepeatedStart
  1177 ;; This function uses a non-reentrant model
  1178 ;;
  1179                           
  1180                           
  1181                           ;psect for function _I2C_Master_Wait
  1182  0140                     _I2C_Master_Wait:
  1183  0140                     l741:	
  1184                           ;incstack = 0
  1185                           ; Regs used in _I2C_Master_Wait: [wreg+status,2]
  1186                           
  1187  0140                     l90:	
  1188                           ;I2C.c: 34:     while ((SSPSTAT & 0x04) || (SSPCON2 & 0x1F));
  1189                           
  1190  0140  1683               	bsf	3,5	;RP0=1, select bank1
  1191  0141  1303               	bcf	3,6	;RP1=0, select bank1
  1192  0142  1914               	btfsc	20,2	;volatile
  1193  0143  2945               	goto	u91
  1194  0144  2946               	goto	u90
  1195  0145                     u91:
  1196  0145  2940               	goto	l90
  1197  0146                     u90:
  1198  0146                     l743:
  1199  0146  0811               	movf	17,w	;volatile
  1200  0147  391F               	andlw	31
  1201  0148  1D03               	btfss	3,2
  1202  0149  294B               	goto	u101
  1203  014A  294C               	goto	u100
  1204  014B                     u101:
  1205  014B  2940               	goto	l90
  1206  014C                     u100:
  1207  014C                     l93:
  1208  014C  0008               	return
  1209  014D                     __end_of_I2C_Master_Wait:
  1210                           
  1211                           	psect	text9
  1212  0169                     __ptext9:	
  1213 ;; *************** function _isr *****************
  1214 ;; Defined at:
  1215 ;;		line 80 in file "Lab04_main_master.c"
  1216 ;; Parameters:    Size  Location     Type
  1217 ;;		None
  1218 ;; Auto vars:     Size  Location     Type
  1219 ;;		None
  1220 ;; Return value:  Size  Location     Type
  1221 ;;                  1    wreg      void 
  1222 ;; Registers used:
  1223 ;;		None
  1224 ;; Tracked objects:
  1225 ;;		On entry : 0/0
  1226 ;;		On exit  : 0/0
  1227 ;;		Unchanged: 0/0
  1228 ;; Data sizes:     COMMON   BANK0   BANK1   BANK3   BANK2
  1229 ;;      Params:         0       0       0       0       0
  1230 ;;      Locals:         0       0       0       0       0
  1231 ;;      Temps:          2       0       0       0       0
  1232 ;;      Totals:         2       0       0       0       0
  1233 ;;Total ram usage:        2 bytes
  1234 ;; Hardware stack levels used:    1
  1235 ;; This function calls:
  1236 ;;		Nothing
  1237 ;; This function is called by:
  1238 ;;		Interrupt level 1
  1239 ;; This function uses a non-reentrant model
  1240 ;;
  1241                           
  1242                           
  1243                           ;psect for function _isr
  1244  0169                     _isr:
  1245  0169                     i1l787:
  1246  0169  138B               	bcf	11,7	;volatile
  1247  016A  178B               	bsf	11,7	;volatile
  1248  016B                     i1l55:
  1249  016B  0871               	movf	??_isr+1,w
  1250  016C  008A               	movwf	10
  1251  016D  0E70               	swapf	??_isr,w
  1252  016E  0083               	movwf	3
  1253  016F  0EFE               	swapf	btemp,f
  1254  0170  0E7E               	swapf	btemp,w
  1255  0171  0009               	retfie
  1256  0172                     __end_of_isr:
  1257  007E                     btemp	set	126	;btemp
  1258  007E                     wtemp0	set	126
  1259                           
  1260                           	psect	intentry
  1261  0004                     __pintentry:	
  1262                           ;incstack = 0
  1263                           ; Regs used in _isr: []
  1264                           
  1265  0004                     interrupt_function:
  1266  007E                     saved_w	set	btemp
  1267  0004  00FE               	movwf	btemp
  1268  0005  0E03               	swapf	3,w
  1269  0006  00F0               	movwf	??_isr
  1270  0007  080A               	movf	10,w
  1271  0008  00F1               	movwf	??_isr+1
  1272  0009  120A  118A  2969   	ljmp	_isr
  1273                           
  1274                           	psect	config
  1275                           
  1276                           ;Config register CONFIG1 @ 0x2007
  1277                           ;	Oscillator Selection bits
  1278                           ;	FOSC = INTRC_NOCLKOUT, INTOSCIO oscillator: I/O function on RA6/OSC2/CLKOUT pin, I/O f
      +                          unction on RA7/OSC1/CLKIN
  1279                           ;	Watchdog Timer Enable bit
  1280                           ;	WDTE = OFF, WDT disabled and can be enabled by SWDTEN bit of the WDTCON register
  1281                           ;	Power-up Timer Enable bit
  1282                           ;	PWRTE = ON, PWRT enabled
  1283                           ;	RE3/MCLR pin function select bit
  1284                           ;	MCLRE = OFF, RE3/MCLR pin function is digital input, MCLR internally tied to VDD
  1285                           ;	Code Protection bit
  1286                           ;	CP = OFF, Program memory code protection is disabled
  1287                           ;	Data Code Protection bit
  1288                           ;	CPD = OFF, Data memory code protection is disabled
  1289                           ;	Brown Out Reset Selection bits
  1290                           ;	BOREN = OFF, BOR disabled
  1291                           ;	Internal External Switchover bit
  1292                           ;	IESO = OFF, Internal/External Switchover mode is disabled
  1293                           ;	Fail-Safe Clock Monitor Enabled bit
  1294                           ;	FCMEN = OFF, Fail-Safe Clock Monitor is disabled
  1295                           ;	Low Voltage Programming Enable bit
  1296                           ;	LVP = OFF, RB3 pin has digital I/O, HV on MCLR must be used for programming
  1297                           ;	In-Circuit Debugger Mode bit
  1298                           ;	DEBUG = 0x1, unprogrammed default
  1299  2007                     	org	8199
  1300  2007  20C4               	dw	8388
  1301                           
  1302                           ;Config register CONFIG2 @ 0x2008
  1303                           ;	Brown-out Reset Selection bit
  1304                           ;	BOR4V = BOR40V, Brown-out Reset set to 4.0V
  1305                           ;	Flash Program Memory Self Write Enable bits
  1306                           ;	WRT = OFF, Write protection off
  1307  2008                     	org	8200
  1308  2008  3FFF               	dw	16383

Data Sizes:
    Strings     0
    Constant    0
    Data        0
    BSS         0
    Persistent  0
    Stack       0

Auto Spaces:
    Space          Size  Autos    Used
    COMMON           14     11      11
    BANK0            80     16      16
    BANK1            80      0       0
    BANK3            96      0       0
    BANK2            96      0       0

Pointer List with Targets:

    None.

Critical Paths under _main in COMMON

    _I2C_Master_Init->___lldiv

Critical Paths under _isr in COMMON

    None.

Critical Paths under _main in BANK0

    _setup->_I2C_Master_Init
    _I2C_Master_Init->___lldiv

Critical Paths under _isr in BANK0

    None.

Critical Paths under _main in BANK1

    None.

Critical Paths under _isr in BANK1

    None.

Critical Paths under _main in BANK3

    None.

Critical Paths under _isr in BANK3

    None.

Critical Paths under _main in BANK2

    None.

Critical Paths under _isr in BANK2

    None.

Call Graph Tables:

 ---------------------------------------------------------------------------------
 (Depth) Function   	        Calls       Base Space   Used Autos Params    Refs
 ---------------------------------------------------------------------------------
 (0) _main                                                 3     3      0     631
                                             13 BANK0      3     3      0
                    _I2C_Master_Read
                   _I2C_Master_Start
                    _I2C_Master_Stop
                   _I2C_Master_Write
                              _setup
 ---------------------------------------------------------------------------------
 (1) _setup                                                0     0      0     412
                    _I2C_Master_Init
 ---------------------------------------------------------------------------------
 (2) _I2C_Master_Init                                      8     4      4     412
                                              5 BANK0      8     4      4
                            ___lldiv
 ---------------------------------------------------------------------------------
 (3) ___lldiv                                             14     6      8     314
                                              2 COMMON     9     1      8
                                              0 BANK0      5     5      0
 ---------------------------------------------------------------------------------
 (1) _I2C_Master_Write                                     2     0      2      98
                                              2 COMMON     2     0      2
                    _I2C_Master_Wait
 ---------------------------------------------------------------------------------
 (1) _I2C_Master_Stop                                      0     0      0       0
                    _I2C_Master_Wait
 ---------------------------------------------------------------------------------
 (1) _I2C_Master_Start                                     0     0      0       0
                    _I2C_Master_Wait
 ---------------------------------------------------------------------------------
 (1) _I2C_Master_Read                                      6     4      2     121
                                              2 COMMON     6     4      2
                    _I2C_Master_Wait
 ---------------------------------------------------------------------------------
 (2) _I2C_Master_Wait                                      0     0      0       0
 ---------------------------------------------------------------------------------
 Estimated maximum stack depth 3
 ---------------------------------------------------------------------------------
 (Depth) Function   	        Calls       Base Space   Used Autos Params    Refs
 ---------------------------------------------------------------------------------
 (4) _isr                                                  2     2      0       0
                                              0 COMMON     2     2      0
 ---------------------------------------------------------------------------------
 Estimated maximum stack depth 4
 ---------------------------------------------------------------------------------

 Call Graph Graphs:

 _main (ROOT)
   _I2C_Master_Read
     _I2C_Master_Wait
   _I2C_Master_Start
     _I2C_Master_Wait
   _I2C_Master_Stop
     _I2C_Master_Wait
   _I2C_Master_Write
     _I2C_Master_Wait
   _setup
     _I2C_Master_Init
       ___lldiv

 _isr (ROOT)

 Address spaces:
Name               Size   Autos  Total    Cost      Usage
BITCOMMON            E      0       0       0        0.0%
EEDATA             100      0       0       0        0.0%
NULL                 0      0       0       0        0.0%
CODE                 0      0       0       0        0.0%
COMMON               E      B       B       1       78.6%
BITSFR0              0      0       0       1        0.0%
SFR0                 0      0       0       1        0.0%
BITSFR1              0      0       0       2        0.0%
SFR1                 0      0       0       2        0.0%
STACK                0      0       0       2        0.0%
ABS                  0      0       0       3        0.0%
BITBANK0            50      0       0       4        0.0%
BITSFR3              0      0       0       4        0.0%
SFR3                 0      0       0       4        0.0%
BANK0               50     10      10       5       20.0%
BITSFR2              0      0       0       5        0.0%
SFR2                 0      0       0       5        0.0%
BITBANK1            50      0       0       6        0.0%
BANK1               50      0       0       7        0.0%
BITBANK3            60      0       0       8        0.0%
BANK3               60      0       0       9        0.0%
BITBANK2            60      0       0      10        0.0%
BANK2               60      0       0      11        0.0%
DATA                 0      0       0      12        0.0%


Microchip Technology PIC Macro Assembler V2.31 build 20201012212115 
Symbol Table                                                                                   Tue Aug 10 18:56:47 2021

                       l47 00B8                         l90 0140                         l58 013F  
                       l93 014C                         l87 00B2                         l96 0168  
                       u90 0146                         u91 0145                        l110 0117  
                      l102 015F                        l105 0156                        l108 010F  
                      l109 0112                        l235 007A                        l811 0028  
                      l741 0140                        l821 0062                        l813 0035  
                      l743 0146                        l823 0063                        l815 0039  
                      l807 0013                        l831 007B                        l825 006C  
                      l817 0042                        l809 0025                        l841 00B1  
                      l833 007F                        l755 0160                        l819 0054  
                      l827 0072                        l835 0082                        l851 0132  
                      l843 0118                        l861 00F7                        l757 0165  
                      l781 015C                        l853 014D                        l837 00AF  
                      l845 011E                        l863 0100                        l855 0152  
                      l839 00B0                        l847 0130                        l865 0105  
                      l857 00EA                        l849 0131                        l873 00B3  
                      l867 010B                        l859 00EF                        l779 0157  
                      l875 00D7                        l869 0113                        _GIE 005F  
                      u100 014C                        u101 014B                        u200 010B  
                      u120 0025                        u201 010A                        u121 0024  
                      u140 0039                        u141 0038                        u135 002A  
                      u160 0054                        u161 0053                        u217 00DF  
                      u155 003B                        u180 0072                        u181 0071  
                      u165 0050                        u190 0092                        u175 0064  
                      u195 008D                        _isr 0169                       ?_isr 0070  
                     _PEIE 005E                       i1l55 016B                       _main 00B3  
                     btemp 007E                       start 000C                      ??_isr 0070  
         ?_I2C_Master_Init 0025           ?_I2C_Master_Read 0072           ?_I2C_Master_Wait 0070  
         ?_I2C_Master_Stop 0070                      ?_main 0070                      _ANSEL 0188  
          __end_of___lldiv 007B                      i1l787 0169                      _PORTA 0005  
                    _PORTB 0006                      _PORTC 0007                      _PORTD 0008  
                    _PORTE 0009                      _TRISA 0085                      _TRISB 0086  
                    _TRISC 0087                      _TRISD 0088                      _SSPIE 0463  
                    _TRISE 0089                      _SSPIF 0063                      _setup 0118  
                    pclath 000A                      status 0003                      wtemp0 007E  
          __initialization 000F               __end_of_main 00EA                     ??_main 002D  
        ?_I2C_Master_Start 0070          ?_I2C_Master_Write 0072         ??_I2C_Master_Start 0072  
       ??_I2C_Master_Write 0074                     ?_setup 0070                     _ANSELH 0189  
                   _SSPADD 0093                     _TRISC3 043B                     _TRISC4 043C  
                   _SSPCON 0014                     _SSPBUF 0013                  ??___lldiv 007A  
                   saved_w 007E    __end_of__initialization 000F             __pcstackCOMMON 0070  
            __end_of_setup 0140                    ??_setup 007B                 __pmaintext 00B3  
               __pintentry 0004                    _SSPCON2 0091                    _SSPSTAT 0094  
                  ___lldiv 0013                    __ptext1 0118                    __ptext2 007B  
                  __ptext3 0013                    __ptext4 014D                    __ptext5 0157  
                  __ptext6 0160                    __ptext7 00EA                    __ptext8 0140  
                  __ptext9 0169               __size_of_isr 0009   __size_of_I2C_Master_Init 0038  
 __size_of_I2C_Master_Read 002E   __size_of_I2C_Master_Wait 000D   __size_of_I2C_Master_Stop 0009  
     end_of_initialization 000F  __size_of_I2C_Master_Start 0009  __size_of_I2C_Master_Write 000A  
          ___lldiv@divisor 0072            ___lldiv@counter 0024           I2C_Master_Init@c 0025  
         I2C_Master_Read@a 0072                  _TRISCbits 0087        start_initialization 000F  
              __end_of_isr 0172          ??_I2C_Master_Init 0029          ??_I2C_Master_Read 0074  
        ??_I2C_Master_Wait 0072          ??_I2C_Master_Stop 0072                  ___latbits 0002  
            __pcstackBANK0 0020           _I2C_Master_Start 0160           _I2C_Master_Write 014D  
                 ?___lldiv 0072             __size_of_setup 0028          interrupt_function 0004  
      I2C_Master_Read@temp 0076           __size_of___lldiv 0068            _I2C_Master_Init 007B  
          _I2C_Master_Read 00EA            _I2C_Master_Wait 0140            _I2C_Master_Stop 0157  
            __size_of_main 0037   __end_of_I2C_Master_Start 0169   __end_of_I2C_Master_Write 0157  
               _INTCONbits 000B                   intlevel1 0000           ___lldiv@dividend 0076  
               _OSCCONbits 008F    __end_of_I2C_Master_Init 00B3    __end_of_I2C_Master_Read 0118  
  __end_of_I2C_Master_Wait 014D    __end_of_I2C_Master_Stop 0160           ___lldiv@quotient 0020  
        I2C_Master_Write@d 0072                _SSPCON2bits 0091  
